# JRE version: OpenJDK Runtime Environment (8.0_222-b10) (build 1.8.0_222-8u222-b10-1ubuntu1~18.04.1-b10)
# Java VM: OpenJDK 64-Bit Server VM (25.222-b10 mixed mode linux-amd64 compressed oops)
Heap:
 PSYoungGen      total 224256K, used 0K [0x00000000eb700000, 0x00000000fa780000, 0x0000000100000000)
  eden space 213504K, 0% used [0x00000000eb700000,0x00000000eb700000,0x00000000f8780000)
  from space 10752K, 0% used [0x00000000f9d00000,0x00000000f9d00000,0x00000000fa780000)
  to   space 16384K, 0% used [0x00000000f8780000,0x00000000f8780000,0x00000000f9780000)
 ParOldGen       total 45056K, used 21726K [0x00000000c2400000, 0x00000000c5000000, 0x00000000eb700000)
  object space 45056K, 48% used [0x00000000c2400000,0x00000000c3937ab0,0x00000000c5000000)
 Metaspace       used 56374K, capacity 58936K, committed 59028K, reserved 1099776K
  class space    used 7532K, capacity 7988K, committed 8064K, reserved 1048576K
GC Heap History (10 events):
Event: 5.269 GC heap after
Heap after GC invocations=10 (full 1):
 PSYoungGen      total 128000K, used 7147K [0x00000000eb700000, 0x00000000f6c80000, 0x0000000100000000)
  eden space 120832K, 0% used [0x00000000eb700000,0x00000000eb700000,0x00000000f2d00000)
  from space 7168K, 99% used [0x00000000f2d00000,0x00000000f33faef8,0x00000000f3400000)
  to   space 10752K, 0% used [0x00000000f6200000,0x00000000f6200000,0x00000000f6c80000)
 ParOldGen       total 29184K, used 14055K [0x00000000c2400000, 0x00000000c4080000, 0x00000000eb700000)
  object space 29184K, 48% used [0x00000000c2400000,0x00000000c31b9f60,0x00000000c4080000)
 Metaspace       used 31564K, capacity 32916K, committed 33152K, reserved 1079296K
  class space    used 3949K, capacity 4214K, committed 4224K, reserved 1048576K
}
Event: 5.867 GC heap before
{Heap before GC invocations=11 (full 1):
 PSYoungGen      total 128000K, used 59763K [0x00000000eb700000, 0x00000000f6c80000, 0x0000000100000000)
  eden space 120832K, 43% used [0x00000000eb700000,0x00000000eea61fc8,0x00000000f2d00000)
  from space 7168K, 99% used [0x00000000f2d00000,0x00000000f33faef8,0x00000000f3400000)
  to   space 10752K, 0% used [0x00000000f6200000,0x00000000f6200000,0x00000000f6c80000)
 ParOldGen       total 29184K, used 14055K [0x00000000c2400000, 0x00000000c4080000, 0x00000000eb700000)
  object space 29184K, 48% used [0x00000000c2400000,0x00000000c31b9f60,0x00000000c4080000)
 Metaspace       used 33736K, capacity 35236K, committed 35416K, reserved 1081344K
  class space    used 4206K, capacity 4490K, committed 4608K, reserved 1048576K
Event: 5.912 GC heap after
Heap after GC invocations=11 (full 1):
 PSYoungGen      total 174592K, used 8008K [0x00000000eb700000, 0x00000000f7a00000, 0x0000000100000000)
  eden space 163840K, 0% used [0x00000000eb700000,0x00000000eb700000,0x00000000f5700000)
  from space 10752K, 74% used [0x00000000f6200000,0x00000000f69d2388,0x00000000f6c80000)
  to   space 11264K, 0% used [0x00000000f5700000,0x00000000f5700000,0x00000000f6200000)
 ParOldGen       total 29184K, used 15713K [0x00000000c2400000, 0x00000000c4080000, 0x00000000eb700000)
  object space 29184K, 53% used [0x00000000c2400000,0x00000000c33584e0,0x00000000c4080000)
 Metaspace       used 33736K, capacity 35236K, committed 35416K, reserved 1081344K
  class space    used 4206K, capacity 4490K, committed 4608K, reserved 1048576K
}
Event: 5.912 GC heap before
{Heap before GC invocations=12 (full 2):
 PSYoungGen      total 174592K, used 8008K [0x00000000eb700000, 0x00000000f7a00000, 0x0000000100000000)
  eden space 163840K, 0% used [0x00000000eb700000,0x00000000eb700000,0x00000000f5700000)
  from space 10752K, 74% used [0x00000000f6200000,0x00000000f69d2388,0x00000000f6c80000)
  to   space 11264K, 0% used [0x00000000f5700000,0x00000000f5700000,0x00000000f6200000)
 ParOldGen       total 29184K, used 15713K [0x00000000c2400000, 0x00000000c4080000, 0x00000000eb700000)
  object space 29184K, 53% used [0x00000000c2400000,0x00000000c33584e0,0x00000000c4080000)
 Metaspace       used 33736K, capacity 35236K, committed 35416K, reserved 1081344K
  class space    used 4206K, capacity 4490K, committed 4608K, reserved 1048576K
Event: 6.129 GC heap after
Heap after GC invocations=12 (full 2):
 PSYoungGen      total 174592K, used 0K [0x00000000eb700000, 0x00000000f7a00000, 0x0000000100000000)
  eden space 163840K, 0% used [0x00000000eb700000,0x00000000eb700000,0x00000000f5700000)
  from space 10752K, 0% used [0x00000000f6200000,0x00000000f6200000,0x00000000f6c80000)
  to   space 11264K, 0% used [0x00000000f5700000,0x00000000f5700000,0x00000000f6200000)
 ParOldGen       total 45056K, used 14040K [0x00000000c2400000, 0x00000000c5000000, 0x00000000eb700000)
  object space 45056K, 31% used [0x00000000c2400000,0x00000000c31b6010,0x00000000c5000000)
 Metaspace       used 33736K, capacity 35236K, committed 35416K, reserved 1081344K
  class space    used 4206K, capacity 4490K, committed 4608K, reserved 1048576K
}
Event: 9.998 GC heap before
{Heap before GC invocations=13 (full 2):
 PSYoungGen      total 174592K, used 163840K [0x00000000eb700000, 0x00000000f7a00000, 0x0000000100000000)
  eden space 163840K, 100% used [0x00000000eb700000,0x00000000f5700000,0x00000000f5700000)
  from space 10752K, 0% used [0x00000000f6200000,0x00000000f6200000,0x00000000f6c80000)
  to   space 11264K, 0% used [0x00000000f5700000,0x00000000f5700000,0x00000000f6200000)
 ParOldGen       total 45056K, used 14040K [0x00000000c2400000, 0x00000000c5000000, 0x00000000eb700000)
  object space 45056K, 31% used [0x00000000c2400000,0x00000000c31b6010,0x00000000c5000000)
 Metaspace       used 53309K, capacity 55556K, committed 55680K, reserved 1097728K
  class space    used 7117K, capacity 7514K, committed 7552K, reserved 1048576K
Event: 10.041 GC heap after
Heap after GC invocations=13 (full 2):
 PSYoungGen      total 175104K, used 11253K [0x00000000eb700000, 0x00000000fad80000, 0x0000000100000000)
  eden space 163840K, 0% used [0x00000000eb700000,0x00000000eb700000,0x00000000f5700000)
  from space 11264K, 99% used [0x00000000f5700000,0x00000000f61fd430,0x00000000f6200000)
  to   space 16896K, 0% used [0x00000000f9d00000,0x00000000f9d00000,0x00000000fad80000)
 ParOldGen       total 45056K, used 25128K [0x00000000c2400000, 0x00000000c5000000, 0x00000000eb700000)
  object space 45056K, 55% used [0x00000000c2400000,0x00000000c3c8a330,0x00000000c5000000)
 Metaspace       used 53309K, capacity 55556K, committed 55680K, reserved 1097728K
  class space    used 7117K, capacity 7514K, committed 7552K, reserved 1048576K
}
Event: 20.516 GC heap before
{Heap before GC invocations=14 (full 2):
 PSYoungGen      total 175104K, used 68182K [0x00000000eb700000, 0x00000000fad80000, 0x0000000100000000)
  eden space 163840K, 34% used [0x00000000eb700000,0x00000000eee985c0,0x00000000f5700000)
  from space 11264K, 99% used [0x00000000f5700000,0x00000000f61fd430,0x00000000f6200000)
  to   space 16896K, 0% used [0x00000000f9d00000,0x00000000f9d00000,0x00000000fad80000)
 ParOldGen       total 45056K, used 25128K [0x00000000c2400000, 0x00000000c5000000, 0x00000000eb700000)
  object space 45056K, 55% used [0x00000000c2400000,0x00000000c3c8a330,0x00000000c5000000)
 Metaspace       used 56374K, capacity 58936K, committed 59028K, reserved 1099776K
  class space    used 7532K, capacity 7988K, committed 8064K, reserved 1048576K
Event: 20.675 GC heap after
Heap after GC invocations=14 (full 2):
 PSYoungGen      total 224256K, used 4571K [0x00000000eb700000, 0x00000000fa780000, 0x0000000100000000)
  eden space 213504K, 0% used [0x00000000eb700000,0x00000000eb700000,0x00000000f8780000)
  from space 10752K, 42% used [0x00000000f9d00000,0x00000000fa176e68,0x00000000fa780000)
  to   space 16384K, 0% used [0x00000000f8780000,0x00000000f8780000,0x00000000f9780000)
 ParOldGen       total 45056K, used 31935K [0x00000000c2400000, 0x00000000c5000000, 0x00000000eb700000)
  object space 45056K, 70% used [0x00000000c2400000,0x00000000c432ffd0,0x00000000c5000000)
 Metaspace       used 56374K, capacity 58936K, committed 59028K, reserved 1099776K
  class space    used 7532K, capacity 7988K, committed 8064K, reserved 1048576K
}
Event: 20.688 GC heap before
{Heap before GC invocations=15 (full 3):
 PSYoungGen      total 224256K, used 4571K [0x00000000eb700000, 0x00000000fa780000, 0x0000000100000000)
  eden space 213504K, 0% used [0x00000000eb700000,0x00000000eb700000,0x00000000f8780000)
  from space 10752K, 42% used [0x00000000f9d00000,0x00000000fa176e68,0x00000000fa780000)
  to   space 16384K, 0% used [0x00000000f8780000,0x00000000f8780000,0x00000000f9780000)
 ParOldGen       total 45056K, used 31935K [0x00000000c2400000, 0x00000000c5000000, 0x00000000eb700000)
  object space 45056K, 70% used [0x00000000c2400000,0x00000000c432ffd0,0x00000000c5000000)
 Metaspace       used 56374K, capacity 58936K, committed 59028K, reserved 1099776K
  class space    used 7532K, capacity 7988K, committed 8064K, reserved 1048576K

